info it worked if it ends with ok
verbose cli [ 'node', '/usr/local/bin/npm', 'install', '-g', 'bower' ]
info using npm@1.1.21
info using node@v0.6.18
verbose config file /Users/charleswalker/.npmrc
verbose config file /Users/charleswalker/.node/etc/npmrc
verbose config file /usr/local/lib/node_modules/npm/npmrc
verbose cache add [ 'bower', null ]
silly cache add: name, spec, args [ undefined, 'bower', [ 'bower', null ] ]
verbose parsed url { pathname: 'bower', path: 'bower', href: 'bower' }
verbose addNamed [ 'bower', '' ]
verbose addNamed [ null, '' ]
silly name, range, hasData [ 'bower', '', false ]
verbose raw, before any munging bower
verbose url resolving [ 'https://registry.npmjs.org/', './bower' ]
verbose url resolved https://registry.npmjs.org/bower
http GET https://registry.npmjs.org/bower
http 200 https://registry.npmjs.org/bower
silly get cb [ 200,
silly get cb   { date: 'Tue, 09 Sep 2014 17:49:33 GMT',
silly get cb     server: 'CouchDB/1.5.0 (Erlang OTP/R16B03)',
silly get cb     etag: '"9WQET6GYB7QHG5UFTGDH0KLIN"',
silly get cb     'content-type': 'application/json',
silly get cb     'cache-control': 'max-age=60',
silly get cb     'content-length': '98700',
silly get cb     'accept-ranges': 'bytes',
silly get cb     via: '1.1 varnish',
silly get cb     age: '206',
silly get cb     'x-served-by': 'cache-iad2132-IAD',
silly get cb     'x-cache': 'HIT',
silly get cb     'x-cache-hits': '1',
silly get cb     'x-timer': 'S1410284973.241658,VS0,VE0',
silly get cb     vary: 'Accept',
silly get cb     'keep-alive': 'timeout=10, max=50',
silly get cb     connection: 'Keep-Alive' } ]
silly name, range, hasData 2 [ 'bower', '', true ]
silly versions [ 'bower', [] ]
ERR! Error: No compatible version found: bower
ERR! No valid targets found.
ERR! Perhaps not compatible with your version of node?
ERR!     at installTargetsError (/usr/local/lib/node_modules/npm/lib/cache.js:486:10)
ERR!     at next_ (/usr/local/lib/node_modules/npm/lib/cache.js:436:17)
ERR!     at next (/usr/local/lib/node_modules/npm/lib/cache.js:413:44)
ERR!     at /usr/local/lib/node_modules/npm/lib/cache.js:406:5
ERR!     at saved (/usr/local/lib/node_modules/npm/lib/utils/npm-registry-client/get.js:151:7)
ERR!     at Object.oncomplete (/usr/local/lib/node_modules/npm/node_modules/graceful-fs/graceful-fs.js:230:7)
ERR! You may report this log at:
ERR!     <http://github.com/isaacs/npm/issues>
ERR! or email it to:
ERR!     <npm-@googlegroups.com>
ERR! 
ERR! System Darwin 11.4.2
ERR! command "node" "/usr/local/bin/npm" "install" "-g" "bower"
ERR! cwd /Users/charleswalker/Desktop/padibilityweb
ERR! node -v v0.6.18
ERR! npm -v 1.1.21
ERR! message No compatible version found: bower
ERR! message No valid targets found.
ERR! message Perhaps not compatible with your version of node?
verbose exit [ 1, true ]
